<?xml version="1.0" encoding="UTF-8"?>
<!-- Generated by org.testng.reporters.JUnitReportReporter -->
<testsuite hostname="DESKTOP-75EDE39" failures="0" tests="1" name="testCases.TC_005_AddToCartPageTest" time="1.499" errors="0" timestamp="2024-05-13T14:23:07 COT" skipped="0">
  <testcase classname="testCases.TC_005_AddToCartPageTest" name="verifyAddToCart" time="1.499"/>
</testsuite> <!-- testCases.TC_005_AddToCartPageTest -->
